autoscan: warning: missing AC_CHECK_FUNCS([atexit]) wanted by: 
	main.c:382
	main.c:801
autoscan: warning: missing AC_CHECK_FUNCS([getcwd]) wanted by: 
	windows/loaddrv.c:103
autoscan: warning: missing AC_CHECK_FUNCS([gethostbyname]) wanted by: 
	ser_win32.c:167
	ser_posix.c:195
autoscan: warning: missing AC_CHECK_FUNCS([memmove]) wanted by: 
	jtagmkII.c:637
	usb_libusb.c:95
	jtag3.c:764
	jtag3.c:804
	jtag3.c:2080
autoscan: warning: missing AC_CHECK_FUNCS([pow]) wanted by: 
	stk500v2.c:3008
	stk500v2.c:3327
autoscan: warning: missing AC_CHECK_FUNCS([socket]) wanted by: 
	ser_win32.c:175
	ser_posix.c:204
autoscan: warning: missing AC_CHECK_FUNCS([strchr]) wanted by: 
	ser_win32.c:148
	usbtiny.c:216
	ser_posix.c:174
	usb_libusb.c:87
	usb_libusb.c:92
	dfu.c:128
autoscan: warning: missing AC_CHECK_FUNCS([strrchr]) wanted by: 
	main.c:363
	main.c:367
	update.c:114
autoscan: warning: missing AC_CHECK_FUNCS([strstr]) wanted by: 
	buspirate.c:685
	usb_libusb.c:161
	usb_libusb.c:169
autoscan: warning: missing AC_CHECK_FUNCS([strtoull]) wanted by: 
	fileio.c:534
autoscan: warning: missing AC_CHECK_HEADERS([libintl.h]) wanted by: 
	config_gram.c:466
autoscan: warning: missing AC_CHECK_HEADERS([malloc.h]) wanted by: 
	config_gram.c:542
	buspirate.c:45
autoscan: warning: missing AC_CHECK_HEADERS([netdb.h]) wanted by: 
	ser_posix.c:38
autoscan: warning: missing AC_CHECK_HEADERS([netinet/in.h]) wanted by: 
	ser_posix.c:39
autoscan: warning: missing AC_CHECK_HEADERS([stddef.h]) wanted by: 
	config_gram.c:454
autoscan: warning: missing AC_CHECK_HEADERS([sys/socket.h]) wanted by: 
	ser_posix.c:37
autoscan: warning: missing AC_CHECK_HEADER_STDBOOL wanted by: 
	avrftdi_private.h:80
	libavrdude.h:438
	libavrdude.h:474
	avrftdi.c:293
	avrftdi.c:522
	avrftdi.c:550
	avrftdi.c:605
	avrftdi.c:607
	pindefs.c:35
	pindefs.c:61
	pindefs.c:168
	pindefs.c:220
	pindefs.c:227
	pindefs.c:228
	pindefs.c:229
	pindefs.c:232
	pindefs.c:237
	pindefs.c:238
	pindefs.c:61
	pindefs.c:168
	pindefs.c:227
	pindefs.c:228
	pindefs.c:229
	pindefs.c:232
	pindefs.c:237
	pindefs.c:278
	pindefs.c:287
	pindefs.c:293
	pindefs.c:301
	ft245r.c:541
	avrftdi.c:611
	pindefs.c:69
	pindefs.c:170
	pindefs.c:180
	pindefs.c:238
	pindefs.c:252
	pindefs.c:257
	pindefs.c:262
	pindefs.c:267
autoscan: warning: missing AC_C_INLINE wanted by: 
	ft245r.c:443
	ft245r.c:464
	ft245r.c:482
	buspirate.c:86
	avrftdi.c:293
	avrftdi.c:327
	avrftdi.c:463
	fileio.c:705
autoscan: warning: missing AC_FUNC_ALLOCA wanted by: 
	config_gram.c:538
	buspirate.c:141
autoscan: warning: missing AC_FUNC_MALLOC wanted by: 
	wiring.c:87
	pgm.c:69
	pgm.c:160
	pgm.c:173
	ser_win32.c:244
	stk500v2.c:294
	stk500v2.c:308
	stk500v2.c:331
	stk500v2.c:443
	stk500v2.c:470
	stk500v2.c:1310
	stk500v2.c:1315
	stk500v2.c:1409
	stk500v2.c:1414
	stk500v2.c:1480
	stk500v2.c:1485
	stk500v2.c:3689
	stk500v2.c:4021
	stk500v2.c:4135
	usbtiny.c:77
	config_gram.y:564
	config_gram.y:574
	stk500.c:1271
	jtagmkI.c:113
	jtagmkI.c:203
	jtagmkI.c:595
	jtagmkI.c:600
	jtagmkI.c:739
	butterfly.c:65
	butterfly.c:623
	ser_avrdoper.c:131
	jtagmkII.c:178
	jtagmkII.c:430
	jtagmkII.c:560
	jtagmkII.c:1381
	jtagmkII.c:1386
	jtagmkII.c:1983
	jtagmkII.c:3100
	jtagmkII.c:3105
	jtagmkII.c:3572
	avr910.c:59
	avr910.c:617
	usbasp.c:182
	ft245r.c:567
	ft245r.c:721
	pickit2.c:169
	pickit2.c:936
	flip1.c:736
	config_gram.c:584
	config_gram.c:2228
	config_gram.c:2243
	term.c:300
	term.c:383
	term.c:800
	term.c:801
	term.c:840
	avrpart.c:37
	avrpart.c:57
	avrpart.c:250
	avrpart.c:273
	avrpart.c:279
	avrpart.c:301
	avrpart.c:311
	avrpart.c:442
	avrpart.c:660
	config.c:129
	config.c:244
	lexer.c:3047
	update.c:39
	update.c:54
	update.c:64
	update.c:118
	update.c:121
	update.c:162
	update.c:183
	dfu.c:459
	avrftdi.c:1202
	jtag3.c:111
	jtag3.c:411
	jtag3.c:650
	jtag3.c:680
	jtag3.c:685
	jtag3.c:1236
	jtag3.c:1241
	jtag3.c:1513
	jtag3.c:2024
autoscan: warning: missing AC_FUNC_REALLOC wanted by: 
	term.c:824
	term.c:825
	lexer.c:3059
autoscan: warning: missing AC_FUNC_STRTOD wanted by: 
	main.c:478
	term.c:576
	term.c:607
	term.c:646
	term.c:681
	term.c:694
autoscan: warning: missing AC_PROG_CXX wanted by: 
	Makefile:234
	Makefile:241
	Makefile:262
	Makefile:268
	Makefile:271
	Makefile:1583
	Makefile:1590
	Makefile:1597
	Makefile:1604
	Makefile:1611
	Makefile:1618
	Makefile:1625
	Makefile:1632
	Makefile:1639
	Makefile:1646
	Makefile:1653
	Makefile:1660
	Makefile:1667
	Makefile:1674
	Makefile:1681
	Makefile:1688
	Makefile:1695
	Makefile:1702
	Makefile:1709
	Makefile:1716
	Makefile:1723
	Makefile:1730
	Makefile:1737
	Makefile:1744
	Makefile:1751
	Makefile:1758
	Makefile:1765
	Makefile:1772
	Makefile:1779
	Makefile:1786
	Makefile:1793
	Makefile:1800
	Makefile:1807
	Makefile:1814
	Makefile:1821
	Makefile:1828
	Makefile:1835
	Makefile:1842
	Makefile:1849
	Makefile:1856
	Makefile:1863
	Makefile:1870
	Makefile:1877
	Makefile:1884
	Makefile:1891
	ltmain.sh:960
	ltmain.sh:1388
	ltmain.sh:1395
	ltmain.sh:1398
	ltmain.sh:1403
	ltmain.sh:1403
	ltmain.sh:1413
	ltmain.sh:1417
	ltmain.sh:1420
	ltmain.sh:1420
	ltmain.sh:2472
autoscan: warning: missing AC_PROG_RANLIB wanted by: 
	Makefile:464
	ltmain.sh:2485
	Makefile:464
autoscan: warning: missing AC_TYPE_INT16_T wanted by: 
	lexer.c:45
autoscan: warning: missing AC_TYPE_INT32_T wanted by: 
	lexer.c:47
	avrftdi.c:193
autoscan: warning: missing AC_TYPE_INT8_T wanted by: 
	lexer.c:43
autoscan: warning: missing AC_TYPE_SIZE_T wanted by: 
	jtagmkII.h:28
	ser_win32.c:342
	ser_win32.c:347
	ser_win32.c:403
	ser_win32.c:411
	ser_win32.c:465
	ser_win32.c:473
	ser_win32.c:560
	jtag3.h:29
	stk500v2.c:388
	stk500v2.c:415
	stk500v2.c:464
	stk500v2.c:486
	stk500v2.c:530
	stk500v2.c:544
	stk500v2.c:585
	stk500v2.c:620
	stk500v2.c:820
	stk500v2.c:820
	stk500v2.c:1073
	stk500v2.c:3138
	stk500v2.c:4071
	usbtiny.c:213
	stk500.c:62
	stk500.c:68
	jtagmkI.c:142
	jtagmkI.c:196
	jtagmkI.c:225
	jtagmkI.c:642
	butterfly.c:78
	butterfly.c:84
	ser_avrdoper.c:545
	ser_avrdoper.c:606
	jtagmkII.c:79
	jtagmkII.c:264
	jtagmkII.c:282
	jtagmkII.c:423
	jtagmkII.c:2591
	avr910.c:74
	avr910.c:80
	ft245r.c:190
	ft245r.c:198
	config_gram.c:451
	lexer.c:166
	lexer.c:262
	lexer.c:263
	lexer.c:367
	ser_posix.c:312
	ser_posix.c:316
	ser_posix.c:357
	ser_posix.c:364
	buspirate.c:94
	buspirate.c:96
	buspirate.c:111
	buspirate.c:123
	buspirate.c:138
	buspirate.c:139
	buspirate.c:178
	buspirate.c:215
	buspirate.c:265
	update.c:37
	libavrdude.h:550
	libavrdude.h:551
	usb_libusb.c:75
	usb_libusb.c:331
	usb_libusb.c:418
	usb_libusb.c:473
	avrftdi.c:348
	avrftdi.c:349
	avrftdi.c:351
	avrftdi.c:354
	avrftdi.c:362
	avrftdi.c:416
	avrftdi.c:417
	avrftdi.c:418
	avrftdi.c:437
	jtag3.c:91
	jtag3.c:163
	jtag3.c:181
	jtag3.c:309
	jtag3.c:401
	jtag3.c:434
	fileio.c:728
	fileio.c:865
	fileio.c:932
autoscan: warning: missing AC_TYPE_UINT16_T wanted by: 
	usbasp.c:1046
	usbasp.c:1089
	usbasp.c:1139
	lexer.c:46
	avrftdi_private.h:68
	avrftdi_private.h:71
	avrftdi_private.h:73
	dfu.c:92
	avrftdi.c:334
	avrftdi_tpi.c:23
	avrftdi_tpi.c:106
	avrftdi_tpi.c:109
	avrftdi_tpi.c:121
	avrftdi_tpi.c:146
	avrftdi_tpi.c:173
	fileio.c:905
autoscan: warning: missing AC_TYPE_UINT32_T wanted by: 
	flip2.c:158
	flip2.c:160
	flip2.c:566
	flip2.c:629
	ft245r.c:257
	pickit2.c:511
	pickit2.c:646
	flip1.c:172
	flip1.c:174
	flip1.c:615
	flip1.c:699
	lexer.c:48
	libavrdude.h:34
	avrftdi.c:191
	avrftdi.c:730
autoscan: warning: missing AC_TYPE_UINT8_T wanted by: 
	usbasp.c:164
	usbasp.c:921
	pickit2.c:128
	pickit2.c:368
	pickit2.c:392
	pickit2.c:490
	pickit2.c:516
	pickit2.c:638
	pickit2.c:660
	pickit2.c:751
	pickit2.c:752
	pickit2.c:753
	lexer.c:44
	avrftdi.c:194
	avrftdi.c:214
	avrftdi.c:215
	avrftdi_tpi.c:107
	avrftdi_tpi.c:121
